2024-04-12 10:40:48 INFO  TestBase:58 - ************************************************************************ 
2024-04-12 10:40:48 INFO  TestBase:59 - Chrome browser launched. 
2024-04-12 10:40:51 INFO  TestBase:62 - Hit Oilman URL.  
2024-04-12 10:40:53 INFO  TestBase:90 - ------------------------------------------------------------------------ 
2024-04-12 10:40:53 INFO  LoginPage:54 - Enter Email id. 
2024-04-12 10:40:54 INFO  LoginPage:68 - Enter Password. 
2024-04-12 10:40:54 INFO  LoginPage:77 - Cliked on Submit button. 
2024-04-12 10:41:09 INFO  LoginPage:89 - Logged successfully navigated on Dashboard 
2024-04-12 10:41:09 INFO  TestBase:90 - ------------------------------------------------------------------------ 
2024-04-12 10:41:09 INFO  DashBoardPage:65 - Waiting until Assets manu is clickable. 
2024-04-12 10:41:10 INFO  DashBoardPage:68 - Click on Assets menu. 
2024-04-12 10:41:15 INFO  DashBoardPage:115 - Click on Company manu item. 
2024-04-12 10:41:16 INFO  CompanyAssetsPage:59 - Wait until loading company list. 
2024-04-12 10:41:16 INFO  commonLocatorsRepo:95 - Click on Add button. 
2024-04-12 10:41:16 INFO  commonLocatorsRepo:98 - Half card is present. 
2024-04-12 10:41:16 INFO  CompanyAssetsPage:68 - Clear the Company text box. 
2024-04-12 10:41:16 INFO  CompanyAssetsPage:71 - Enter Company name. 
2024-04-12 10:41:17 INFO  CompanyAssetsPage:82 - Click on Submit button. 
2024-04-12 10:41:23 INFO  commonLocatorsRepo:82 - Clear searchbox. 
2024-04-12 10:41:23 INFO  commonLocatorsRepo:85 - Entered value in searchbox. 
2024-04-12 10:41:25 INFO  CompanyAssetsPage:109 - Record searched successfully. 
2024-04-12 10:41:25 INFO  TestBase:90 - ------------------------------------------------------------------------ 
2024-04-12 10:41:29 INFO  commonLocatorsRepo:82 - Clear searchbox. 
2024-04-12 10:41:29 INFO  commonLocatorsRepo:85 - Entered value in searchbox. 
2024-04-12 10:41:31 INFO  CompanyAssetsPage:109 - Record searched successfully. 
2024-04-12 10:41:38 INFO  CompanyAssetsPage:126 - Retrive all records 
2024-04-12 10:41:38 INFO  TestBase:90 - ------------------------------------------------------------------------ 
2024-04-12 10:41:41 INFO  commonLocatorsRepo:82 - Clear searchbox. 
2024-04-12 10:41:42 INFO  commonLocatorsRepo:85 - Entered value in searchbox. 
2024-04-12 10:41:44 INFO  CompanyAssetsPage:109 - Record searched successfully. 
2024-04-12 10:41:44 INFO  commonLocatorsRepo:57 - Waiting until action button is clickable. 
2024-04-12 10:41:44 INFO  commonLocatorsRepo:60 - Click action button. 
2024-04-12 10:41:44 INFO  commonLocatorsRepo:65 - Waiting until edit button is clickable. 
2024-04-12 10:41:44 INFO  commonLocatorsRepo:68 - Action menu presented, Cliked Edit action. 
2024-04-12 10:41:44 INFO  CompanyAssetsPage:146 - Edit Company half screen present. 
2024-04-12 10:41:44 INFO  CompanyAssetsPage:164 - Click on Company name. 
2024-04-12 10:41:47 INFO  CompanyAssetsPage:168 - Clear text box. 
2024-04-12 10:41:49 INFO  CompanyAssetsPage:172 - Input upgreaded Company name. 
2024-04-12 10:41:49 INFO  CompanyAssetsPage:182 - Click on Submit button. 
2024-04-12 10:41:49 INFO  CompanyAssetsPage:187 - 'NB71Edited' Company update successfully. 
2024-04-12 10:41:56 INFO  CompanyAssetsPage:126 - Retrive all records 
2024-04-12 10:41:56 INFO  TestBase:90 - ------------------------------------------------------------------------ 
2024-04-12 10:41:59 INFO  commonLocatorsRepo:82 - Clear searchbox. 
2024-04-12 10:42:00 INFO  commonLocatorsRepo:85 - Entered value in searchbox. 
2024-04-12 10:42:02 INFO  CompanyAssetsPage:109 - Record searched successfully. 
2024-04-12 10:42:02 INFO  commonLocatorsRepo:57 - Waiting until action button is clickable. 
2024-04-12 10:42:02 INFO  commonLocatorsRepo:60 - Click action button. 
2024-04-12 10:42:02 INFO  commonLocatorsRepo:73 - Waiting until delete button is clickable. 
2024-04-12 10:42:02 INFO  commonLocatorsRepo:76 - Action menu presented, Cliked delete action. 
2024-04-12 10:42:02 INFO  CompanyAssetsPage:208 - Delete confirmation popup is present. 
2024-04-12 10:42:03 INFO  CompanyAssetsPage:224 - Cliked on Yes button to confirm delete record. 
2024-04-12 10:42:09 INFO  commonLocatorsRepo:82 - Clear searchbox. 
2024-04-12 10:42:10 INFO  commonLocatorsRepo:85 - Entered value in searchbox. 
2024-04-12 10:42:12 INFO  CompanyAssetsPage:236 - 'NB71Edited' Company has been deleted successfully. 
2024-04-12 10:42:19 INFO  CompanyAssetsPage:126 - Retrive all records 
2024-04-12 10:42:19 INFO  TestBase:90 - ------------------------------------------------------------------------ 
2024-04-12 10:42:24 INFO  DashBoardPage:75 - Assets is already open. 
2024-04-12 10:42:29 INFO  DashBoardPage:115 - Click on Field manu item. 
2024-04-12 10:42:31 INFO  FiledAssetsPage:64 - Wait until loading field list. 
2024-04-12 10:42:31 INFO  commonLocatorsRepo:95 - Click on Add button. 
2024-04-12 10:42:31 INFO  commonLocatorsRepo:98 - Half card is present. 
2024-04-12 10:42:31 INFO  FiledAssetsPage:72 - Enter Filed name. 
2024-04-12 10:42:31 INFO  FiledAssetsPage:75 - Enter SONRIS Field ID 
2024-04-12 10:42:31 INFO  FiledAssetsPage:82 - Click on Submit button. 
2024-04-12 10:42:38 INFO  commonLocatorsRepo:82 - Clear searchbox. 
2024-04-12 10:42:38 INFO  commonLocatorsRepo:85 - Entered value in searchbox. 
2024-04-12 10:42:40 INFO  FiledAssetsPage:106 - Record searched successfully. 
2024-04-12 10:42:40 INFO  TestBase:90 - ------------------------------------------------------------------------ 
2024-04-12 10:42:44 INFO  commonLocatorsRepo:82 - Clear searchbox. 
2024-04-12 10:42:45 INFO  commonLocatorsRepo:85 - Entered value in searchbox. 
2024-04-12 10:42:47 INFO  FiledAssetsPage:106 - Record searched successfully. 
2024-04-12 10:42:51 INFO  FiledAssetsPage:119 - Retrive all records 
2024-04-12 10:42:51 INFO  TestBase:90 - ------------------------------------------------------------------------ 
2024-04-12 10:42:54 INFO  commonLocatorsRepo:82 - Clear searchbox. 
2024-04-12 10:42:55 INFO  commonLocatorsRepo:85 - Entered value in searchbox. 
2024-04-12 10:42:57 INFO  FiledAssetsPage:106 - Record searched successfully. 
2024-04-12 10:42:57 INFO  commonLocatorsRepo:57 - Waiting until action button is clickable. 
2024-04-12 10:42:57 INFO  commonLocatorsRepo:60 - Click action button. 
2024-04-12 10:42:57 INFO  commonLocatorsRepo:65 - Waiting until edit button is clickable. 
2024-04-12 10:42:57 INFO  commonLocatorsRepo:68 - Action menu presented, Cliked Edit action. 
2024-04-12 10:42:57 INFO  FiledAssetsPage:144 - Edit Field half screen present. 
2024-04-12 10:42:58 INFO  FiledAssetsPage:163 - Click on Field name. 
2024-04-12 10:43:00 INFO  FiledAssetsPage:167 - Clear text box. 
2024-04-12 10:43:02 INFO  FiledAssetsPage:171 - Input upgreaded Field name. 
2024-04-12 10:43:02 INFO  FiledAssetsPage:181 - Click on Submit button. 
2024-04-12 10:43:02 INFO  FiledAssetsPage:187 - '44L1KAH5Edited' Field update successfully. 
2024-04-12 10:43:07 INFO  FiledAssetsPage:119 - Retrive all records 
2024-04-12 10:43:07 INFO  TestBase:90 - ------------------------------------------------------------------------ 
2024-04-12 10:43:10 INFO  commonLocatorsRepo:82 - Clear searchbox. 
2024-04-12 10:43:11 INFO  commonLocatorsRepo:85 - Entered value in searchbox. 
2024-04-12 10:43:13 INFO  FiledAssetsPage:106 - Record searched successfully. 
2024-04-12 10:43:13 INFO  commonLocatorsRepo:57 - Waiting until action button is clickable. 
2024-04-12 10:43:13 INFO  commonLocatorsRepo:60 - Click action button. 
2024-04-12 10:43:13 INFO  commonLocatorsRepo:73 - Waiting until delete button is clickable. 
2024-04-12 10:43:14 INFO  commonLocatorsRepo:76 - Action menu presented, Cliked delete action. 
2024-04-12 10:43:14 INFO  FiledAssetsPage:203 - Delete confirmation popup is present. 
2024-04-12 10:43:14 INFO  FiledAssetsPage:219 - Cliked on Yes button to confirm delete record. 
2024-04-12 10:43:21 INFO  commonLocatorsRepo:82 - Clear searchbox. 
2024-04-12 10:43:22 INFO  commonLocatorsRepo:85 - Entered value in searchbox. 
2024-04-12 10:43:24 INFO  FiledAssetsPage:229 - '44L1KAH5Edited' Field has been deleted successfully. 
2024-04-12 10:43:28 INFO  FiledAssetsPage:119 - Retrive all records 
2024-04-12 10:43:28 INFO  TestBase:90 - ------------------------------------------------------------------------ 
2024-04-12 10:43:33 INFO  DashBoardPage:75 - Assets is already open. 
2024-04-12 10:43:39 INFO  DashBoardPage:115 - Click on Lease Group manu item. 
2024-04-12 10:43:40 INFO  LeaseGroupAssetsPage:60 - Wait until loading lease list. 
2024-04-12 10:43:41 INFO  commonLocatorsRepo:95 - Click on Add button. 
2024-04-12 10:43:41 INFO  commonLocatorsRepo:98 - Half card is present. 
2024-04-12 10:43:41 INFO  LeaseGroupAssetsPage:70 - Clear the Lease Group text box. 
2024-04-12 10:43:41 INFO  LeaseGroupAssetsPage:73 - Enter Lease Group name. 
2024-04-12 10:43:43 INFO  LeaseGroupAssetsPage:86 - Pumper selected. 
2024-04-12 10:43:46 INFO  LeaseGroupAssetsPage:81 - Company selected. 
2024-04-12 10:43:46 INFO  LeaseGroupAssetsPage:93 - Click on Submit button. 
2024-04-12 10:43:52 INFO  commonLocatorsRepo:82 - Clear searchbox. 
2024-04-12 10:43:53 INFO  commonLocatorsRepo:85 - Entered value in searchbox. 
2024-04-12 10:43:55 INFO  LeaseGroupAssetsPage:118 - Record searched successfully. 
2024-04-12 10:43:55 INFO  TestBase:90 - ------------------------------------------------------------------------ 
2024-04-12 10:43:58 INFO  commonLocatorsRepo:82 - Clear searchbox. 
2024-04-12 10:43:59 INFO  commonLocatorsRepo:85 - Entered value in searchbox. 
2024-04-12 10:44:01 INFO  LeaseGroupAssetsPage:118 - Record searched successfully. 
2024-04-12 10:44:04 INFO  LeaseGroupAssetsPage:132 - Retrive all records 
2024-04-12 10:44:04 INFO  TestBase:90 - ------------------------------------------------------------------------ 
2024-04-12 10:44:08 INFO  commonLocatorsRepo:82 - Clear searchbox. 
2024-04-12 10:44:08 INFO  commonLocatorsRepo:85 - Entered value in searchbox. 
2024-04-12 10:44:10 INFO  LeaseGroupAssetsPage:118 - Record searched successfully. 
2024-04-12 10:44:10 INFO  commonLocatorsRepo:57 - Waiting until action button is clickable. 
2024-04-12 10:44:10 INFO  commonLocatorsRepo:60 - Click action button. 
2024-04-12 10:44:10 INFO  commonLocatorsRepo:65 - Waiting until edit button is clickable. 
2024-04-12 10:44:10 INFO  commonLocatorsRepo:68 - Action menu presented, Cliked Edit action. 
2024-04-12 10:44:11 INFO  LeaseGroupAssetsPage:159 - Edit Lease Group half screen present. 
2024-04-12 10:44:11 INFO  LeaseGroupAssetsPage:177 - Click on Lease Group name. 
2024-04-12 10:44:13 INFO  LeaseGroupAssetsPage:181 - Clear text box. 
2024-04-12 10:44:15 INFO  LeaseGroupAssetsPage:185 - Input upgreaded Lease Group name. 
2024-04-12 10:44:15 INFO  LeaseGroupAssetsPage:195 - Click on Submit button. 
2024-04-12 10:44:16 INFO  LeaseGroupAssetsPage:201 - 'JTZ8Edited' Lease Group update successfully. 
2024-04-12 10:44:20 INFO  LeaseGroupAssetsPage:132 - Retrive all records 
2024-04-12 10:44:20 INFO  TestBase:90 - ------------------------------------------------------------------------ 
2024-04-12 10:44:23 INFO  commonLocatorsRepo:82 - Clear searchbox. 
2024-04-12 10:44:24 INFO  commonLocatorsRepo:85 - Entered value in searchbox. 
2024-04-12 10:44:26 INFO  LeaseGroupAssetsPage:118 - Record searched successfully. 
2024-04-12 10:44:26 INFO  commonLocatorsRepo:57 - Waiting until action button is clickable. 
2024-04-12 10:44:26 INFO  commonLocatorsRepo:60 - Click action button. 
2024-04-12 10:44:26 INFO  commonLocatorsRepo:73 - Waiting until delete button is clickable. 
2024-04-12 10:44:26 INFO  commonLocatorsRepo:76 - Action menu presented, Cliked delete action. 
2024-04-12 10:44:26 INFO  LeaseGroupAssetsPage:217 - Delete confirmation popup is present. 
2024-04-12 10:44:26 INFO  LeaseGroupAssetsPage:233 - Cliked on Yes button to confirm delete record. 
2024-04-12 10:44:33 INFO  commonLocatorsRepo:82 - Clear searchbox. 
2024-04-12 10:44:34 INFO  commonLocatorsRepo:85 - Entered value in searchbox. 
2024-04-12 10:44:36 INFO  LeaseGroupAssetsPage:243 - 'JTZ8Edited' Lease has been deleted successfully. 
2024-04-12 10:44:40 INFO  LeaseGroupAssetsPage:132 - Retrive all records 
2024-04-12 10:44:40 INFO  TestBase:90 - ------------------------------------------------------------------------ 
2024-04-12 10:44:45 INFO  DashBoardPage:75 - Assets is already open. 
2024-04-12 10:44:51 INFO  DashBoardPage:115 - Click on Lease manu item. 
2024-04-12 10:44:53 INFO  LeaseAssetsPage:66 - Wait until loading LeaseName list. 
2024-04-12 10:44:53 INFO  commonLocatorsRepo:95 - Click on Add button. 
2024-04-12 10:44:53 INFO  commonLocatorsRepo:98 - Half card is present. 
2024-04-12 10:44:53 INFO  LeaseAssetsPage:76 - Clear the Lease text box. 
2024-04-12 10:44:53 INFO  LeaseAssetsPage:79 - Enter Lease name. 
2024-04-12 10:44:56 INFO  LeaseAssetsPage:87 - Lease Group selected. 
2024-04-12 10:44:56 INFO  LeaseAssetsPage:99 - Clear the NRI text box. 
2024-04-12 10:44:56 INFO  LeaseAssetsPage:102 - Enter NRI Value. 
2024-04-12 10:44:56 INFO  LeaseAssetsPage:112 - Clear the Tax Rate text box. 
2024-04-12 10:44:56 INFO  LeaseAssetsPage:115 - Enter Tax Rate. 
2024-04-12 10:44:58 INFO  LeaseAssetsPage:92 - Field selected. 
2024-04-12 10:44:58 INFO  LeaseAssetsPage:125 - Click on Submit button. 
2024-04-12 10:45:04 INFO  commonLocatorsRepo:82 - Clear searchbox. 
2024-04-12 10:45:05 INFO  commonLocatorsRepo:85 - Entered value in searchbox. 
2024-04-12 10:45:07 INFO  LeaseAssetsPage:149 - Record searched successfully. 
2024-04-12 10:45:07 INFO  TestBase:90 - ------------------------------------------------------------------------ 
2024-04-12 10:45:10 INFO  commonLocatorsRepo:82 - Clear searchbox. 
2024-04-12 10:45:11 INFO  commonLocatorsRepo:85 - Entered value in searchbox. 
2024-04-12 10:45:13 INFO  LeaseAssetsPage:149 - Record searched successfully. 
2024-04-12 10:45:17 INFO  LeaseAssetsPage:163 - Retrive all records 
2024-04-12 10:45:17 INFO  TestBase:90 - ------------------------------------------------------------------------ 
2024-04-12 10:45:20 INFO  commonLocatorsRepo:82 - Clear searchbox. 
2024-04-12 10:45:20 INFO  commonLocatorsRepo:85 - Entered value in searchbox. 
2024-04-12 10:45:22 INFO  LeaseAssetsPage:149 - Record searched successfully. 
2024-04-12 10:45:22 INFO  commonLocatorsRepo:57 - Waiting until action button is clickable. 
2024-04-12 10:45:22 INFO  commonLocatorsRepo:60 - Click action button. 
2024-04-12 10:45:22 INFO  commonLocatorsRepo:65 - Waiting until edit button is clickable. 
2024-04-12 10:45:23 INFO  commonLocatorsRepo:68 - Action menu presented, Cliked Edit action. 
2024-04-12 10:45:23 INFO  LeaseAssetsPage:190 - Edit Lease half screen present. 
2024-04-12 10:45:23 INFO  LeaseAssetsPage:208 - Click on Lease name. 
2024-04-12 10:45:25 INFO  LeaseAssetsPage:212 - Clear text box. 
2024-04-12 10:45:27 INFO  LeaseAssetsPage:216 - Input upgreaded Lease name. 
2024-04-12 10:45:27 INFO  LeaseAssetsPage:226 - Click on Submit button. 
2024-04-12 10:45:28 INFO  LeaseAssetsPage:232 - '06MDEdited' Lease update successfully. 
2024-04-12 10:45:32 INFO  LeaseAssetsPage:163 - Retrive all records 
2024-04-12 10:45:32 INFO  TestBase:90 - ------------------------------------------------------------------------ 
2024-04-12 10:45:35 INFO  commonLocatorsRepo:82 - Clear searchbox. 
2024-04-12 10:45:36 INFO  commonLocatorsRepo:85 - Entered value in searchbox. 
2024-04-12 10:45:38 INFO  LeaseAssetsPage:149 - Record searched successfully. 
2024-04-12 10:45:39 INFO  commonLocatorsRepo:57 - Waiting until action button is clickable. 
2024-04-12 10:45:39 INFO  commonLocatorsRepo:60 - Click action button. 
2024-04-12 10:45:39 INFO  commonLocatorsRepo:73 - Waiting until delete button is clickable. 
2024-04-12 10:45:39 INFO  commonLocatorsRepo:76 - Action menu presented, Cliked delete action. 
2024-04-12 10:45:39 INFO  LeaseAssetsPage:248 - Delete confirmation popup is present. 
2024-04-12 10:45:39 INFO  LeaseAssetsPage:264 - Cliked on Yes button to confirm delete record. 
2024-04-12 10:45:46 INFO  commonLocatorsRepo:82 - Clear searchbox. 
2024-04-12 10:45:47 INFO  commonLocatorsRepo:85 - Entered value in searchbox. 
2024-04-12 10:45:49 INFO  LeaseAssetsPage:274 - '06MDEdited' Lease has been deleted successfully. 
2024-04-12 10:45:53 INFO  LeaseAssetsPage:163 - Retrive all records 
2024-04-12 10:45:53 INFO  TestBase:90 - ------------------------------------------------------------------------ 
2024-04-12 10:45:58 INFO  DashBoardPage:75 - Assets is already open. 
2024-04-12 10:46:04 INFO  DashBoardPage:115 - Click on Tank Battery manu item. 
2024-04-12 10:46:06 INFO  TankBatteryAssetsPage:65 - Wait until loading Sublease list. 
2024-04-12 10:46:06 INFO  commonLocatorsRepo:95 - Click on Add button. 
2024-04-12 10:46:06 INFO  commonLocatorsRepo:98 - Half card is present. 
2024-04-12 10:46:06 INFO  TankBatteryAssetsPage:75 - Clear the Tank Battery text box. 
2024-04-12 10:46:07 INFO  TankBatteryAssetsPage:78 - Enter Tank Battery name. 
2024-04-12 10:46:09 INFO  TankBatteryAssetsPage:86 - Lease selected. 
2024-04-12 10:46:09 INFO  TankBatteryAssetsPage:99 - Clear the Latitude text box. 
2024-04-12 10:46:09 INFO  TankBatteryAssetsPage:102 - Enter Latitude Value. 
2024-04-12 10:46:09 INFO  TankBatteryAssetsPage:112 - Clear the Longitude text box. 
2024-04-12 10:46:09 INFO  TankBatteryAssetsPage:115 - Enter Longitude value. 
2024-04-12 10:46:09 INFO  TankBatteryAssetsPage:125 - Click on Submit button. 
2024-04-12 10:46:15 INFO  commonLocatorsRepo:82 - Clear searchbox. 
2024-04-12 10:46:16 INFO  commonLocatorsRepo:85 - Entered value in searchbox. 
2024-04-12 10:46:18 INFO  TankBatteryAssetsPage:150 - Record searched successfully. 
2024-04-12 10:46:18 INFO  TestBase:90 - ------------------------------------------------------------------------ 
2024-04-12 10:46:21 INFO  commonLocatorsRepo:82 - Clear searchbox. 
2024-04-12 10:46:22 INFO  commonLocatorsRepo:85 - Entered value in searchbox. 
2024-04-12 10:46:24 INFO  TankBatteryAssetsPage:150 - Record searched successfully. 
2024-04-12 10:46:27 INFO  TankBatteryAssetsPage:164 - Retrive all records 
2024-04-12 10:46:27 INFO  TestBase:90 - ------------------------------------------------------------------------ 
2024-04-12 10:46:31 INFO  commonLocatorsRepo:82 - Clear searchbox. 
2024-04-12 10:46:31 INFO  commonLocatorsRepo:85 - Entered value in searchbox. 
2024-04-12 10:46:33 INFO  TankBatteryAssetsPage:150 - Record searched successfully. 
2024-04-12 10:46:33 INFO  commonLocatorsRepo:57 - Waiting until action button is clickable. 
2024-04-12 10:46:33 INFO  commonLocatorsRepo:60 - Click action button. 
2024-04-12 10:46:33 INFO  commonLocatorsRepo:65 - Waiting until edit button is clickable. 
2024-04-12 10:46:33 INFO  commonLocatorsRepo:68 - Action menu presented, Cliked Edit action. 
2024-04-12 10:46:33 INFO  TankBatteryAssetsPage:191 - Edit Tank Battery half screen present. 
2024-04-12 10:46:34 INFO  TankBatteryAssetsPage:210 - Click on Tank Battery name. 
2024-04-12 10:46:36 INFO  TankBatteryAssetsPage:214 - Clear text box. 
2024-04-12 10:46:38 INFO  TankBatteryAssetsPage:218 - Input upgreaded Tank Battery name. 
2024-04-12 10:46:38 INFO  TankBatteryAssetsPage:228 - Click on Submit button. 
2024-04-12 10:46:38 INFO  TankBatteryAssetsPage:234 - 'EJ00Edited' Tank Battery update successfully. 
2024-04-12 10:46:42 INFO  TankBatteryAssetsPage:164 - Retrive all records 
2024-04-12 10:46:42 INFO  TestBase:90 - ------------------------------------------------------------------------ 
2024-04-12 10:46:45 INFO  commonLocatorsRepo:82 - Clear searchbox. 
2024-04-12 10:46:47 INFO  commonLocatorsRepo:85 - Entered value in searchbox. 
2024-04-12 10:46:49 INFO  TankBatteryAssetsPage:150 - Record searched successfully. 
2024-04-12 10:46:49 INFO  commonLocatorsRepo:57 - Waiting until action button is clickable. 
2024-04-12 10:46:49 INFO  commonLocatorsRepo:60 - Click action button. 
2024-04-12 10:46:49 INFO  commonLocatorsRepo:73 - Waiting until delete button is clickable. 
2024-04-12 10:46:49 INFO  commonLocatorsRepo:76 - Action menu presented, Cliked delete action. 
2024-04-12 10:46:49 INFO  TankBatteryAssetsPage:250 - Delete confirmation popup is present. 
2024-04-12 10:46:49 INFO  TankBatteryAssetsPage:266 - Cliked on Yes button to confirm delete record. 
2024-04-12 10:46:56 INFO  commonLocatorsRepo:82 - Clear searchbox. 
2024-04-12 10:46:57 INFO  commonLocatorsRepo:85 - Entered value in searchbox. 
2024-04-12 10:46:59 INFO  TankBatteryAssetsPage:277 - 'EJ00Edited' Tank Battery has been deleted successfully. 
2024-04-12 10:47:03 INFO  TankBatteryAssetsPage:164 - Retrive all records 
2024-04-12 10:47:03 INFO  TestBase:90 - ------------------------------------------------------------------------ 
2024-04-12 10:47:08 INFO  DashBoardPage:75 - Assets is already open. 
2024-04-12 10:47:14 INFO  DashBoardPage:115 - Click on Tank manu item. 
2024-04-12 10:47:15 INFO  TankAssetsPage:74 - Wait until loading tank list. 
2024-04-12 10:47:16 INFO  commonLocatorsRepo:119 - Click on Add button. 
2024-04-12 10:47:16 INFO  commonLocatorsRepo:122 - Add screen presented. 
2024-04-12 10:47:18 INFO  TankAssetsPage:95 - Enter tank name. 
2024-04-12 10:47:20 INFO  TankAssetsPage:100 - Select tank status 
2024-04-12 10:47:23 INFO  TankAssetsPage:105 - Select associated tank battery. 
2024-04-12 10:47:23 INFO  TankAssetsPage:110 - Enter max capacity. 
2024-04-12 10:47:23 INFO  TankAssetsPage:115 - Enter conversion rate. 
2024-04-12 10:47:23 INFO  TankAssetsPage:120 - Enter sequence order. 
2024-04-12 10:47:23 INFO  TankAssetsPage:125 - Enter height. 
2024-04-12 10:47:23 INFO  TankAssetsPage:130 - Enter bottom. 
2024-04-12 10:47:23 INFO  TankAssetsPage:135 - Enter latitude. 
2024-04-12 10:47:24 INFO  TankAssetsPage:140 - Enter longtitude. 
2024-04-12 10:47:24 INFO  TankAssetsPage:146 - Clicked submit button. 
2024-04-12 10:47:59 INFO  TestBase:90 - ------------------------------------------------------------------------ 
2024-04-12 10:47:59 INFO  commonLocatorsRepo:57 - Waiting until action button is clickable. 
2024-04-12 10:48:00 INFO  commonLocatorsRepo:60 - Click action button. 
2024-04-12 10:48:00 INFO  TankAssetsPage:168 - Clicked on action button. 
2024-04-12 10:48:00 INFO  commonLocatorsRepo:65 - Waiting until edit button is clickable. 
2024-04-12 10:48:00 INFO  commonLocatorsRepo:68 - Action menu presented, Cliked Edit action. 
2024-04-12 10:48:00 INFO  TankAssetsPage:171 - Clicked on edit action menu. 
2024-04-12 10:48:00 INFO  TankAssetsPage:173 - Edit tank screen present. 
2024-04-12 10:48:03 INFO  TankAssetsPage:95 - Enter tank name. 
2024-04-12 10:48:06 INFO  TankAssetsPage:213 - Clicked submit button. 
2024-04-12 10:48:12 INFO  TestBase:90 - ------------------------------------------------------------------------ 
2024-04-12 10:48:17 INFO  TestBase:90 - ------------------------------------------------------------------------ 
2024-04-12 10:48:22 INFO  DashBoardPage:75 - Assets is already open. 
2024-04-12 10:48:28 INFO  DashBoardPage:115 - Click on Operator manu item. 
2024-04-12 10:48:28 INFO  LeaseAssetsPage:63 - Wait until loading operator list. 
2024-04-12 10:48:29 INFO  commonLocatorsRepo:95 - Click on Add button. 
2024-04-12 10:48:29 INFO  commonLocatorsRepo:98 - Half card is present. 
2024-04-12 10:48:29 INFO  LeaseAssetsPage:72 - Clear the operator text box. 
2024-04-12 10:48:29 INFO  LeaseAssetsPage:75 - Enter operator name. 
2024-04-12 10:48:29 INFO  LeaseAssetsPage:85 - Clear the operator phone text box. 
2024-04-12 10:48:29 INFO  LeaseAssetsPage:88 - Enter operator Value. 
2024-04-12 10:48:29 INFO  LeaseAssetsPage:100 - Clear the operator email text box. 
2024-04-12 10:48:30 INFO  LeaseAssetsPage:103 - Enter email Value. 
2024-04-12 10:48:30 INFO  LeaseAssetsPage:113 - Clear the operator address text box. 
2024-04-12 10:48:30 INFO  LeaseAssetsPage:116 - Enter operator address. 
2024-04-12 10:48:32 INFO  LeaseAssetsPage:124 - Status selected. 
2024-04-12 10:48:32 INFO  LeaseAssetsPage:131 - Click on Submit button. 
2024-04-12 10:48:36 INFO  commonLocatorsRepo:82 - Clear searchbox. 
2024-04-12 10:48:37 INFO  commonLocatorsRepo:85 - Entered value in searchbox. 
2024-04-12 10:48:39 INFO  LeaseAssetsPage:159 - Record searched successfully. 
2024-04-12 10:48:39 INFO  TestBase:90 - ------------------------------------------------------------------------ 
2024-04-12 10:48:43 INFO  commonLocatorsRepo:82 - Clear searchbox. 
2024-04-12 10:48:44 INFO  commonLocatorsRepo:85 - Entered value in searchbox. 
2024-04-12 10:48:46 INFO  LeaseAssetsPage:159 - Record searched successfully. 
2024-04-12 10:48:50 INFO  LeaseAssetsPage:173 - Retrive all records 
2024-04-12 10:48:50 INFO  TestBase:90 - ------------------------------------------------------------------------ 
2024-04-12 10:48:54 INFO  commonLocatorsRepo:82 - Clear searchbox. 
2024-04-12 10:48:54 INFO  commonLocatorsRepo:85 - Entered value in searchbox. 
2024-04-12 10:48:56 INFO  LeaseAssetsPage:159 - Record searched successfully. 
2024-04-12 10:48:56 INFO  commonLocatorsRepo:57 - Waiting until action button is clickable. 
2024-04-12 10:48:56 INFO  commonLocatorsRepo:60 - Click action button. 
2024-04-12 10:48:57 INFO  commonLocatorsRepo:65 - Waiting until edit button is clickable. 
2024-04-12 10:48:57 INFO  commonLocatorsRepo:68 - Action menu presented, Cliked Edit action. 
2024-04-12 10:48:57 INFO  LeaseAssetsPage:200 - Edit operator half screen present. 
2024-04-12 10:48:57 INFO  LeaseAssetsPage:218 - Click on operator name. 
2024-04-12 10:48:59 INFO  LeaseAssetsPage:222 - Clear text box. 
2024-04-12 10:49:01 INFO  LeaseAssetsPage:226 - Input upgreaded operator name. 
2024-04-12 10:49:01 INFO  LeaseAssetsPage:236 - Click on Submit button. 
2024-04-12 10:49:02 INFO  LeaseAssetsPage:241 - 'KQZ4BG8T34Edited' Operator update successfully. 
2024-04-12 10:49:07 INFO  LeaseAssetsPage:173 - Retrive all records 
2024-04-12 10:49:07 INFO  TestBase:90 - ------------------------------------------------------------------------ 
2024-04-12 10:49:10 INFO  commonLocatorsRepo:82 - Clear searchbox. 
2024-04-12 10:49:11 INFO  commonLocatorsRepo:85 - Entered value in searchbox. 
2024-04-12 10:49:13 INFO  LeaseAssetsPage:159 - Record searched successfully. 
2024-04-12 10:49:13 INFO  commonLocatorsRepo:57 - Waiting until action button is clickable. 
2024-04-12 10:49:13 INFO  commonLocatorsRepo:60 - Click action button. 
2024-04-12 10:49:13 INFO  commonLocatorsRepo:73 - Waiting until delete button is clickable. 
2024-04-12 10:49:13 INFO  commonLocatorsRepo:76 - Action menu presented, Cliked delete action. 
2024-04-12 10:49:13 INFO  LeaseAssetsPage:257 - Delete confirmation popup is present. 
2024-04-12 10:49:14 INFO  LeaseAssetsPage:273 - Cliked on Yes button to confirm delete record. 
2024-04-12 10:49:21 INFO  commonLocatorsRepo:82 - Clear searchbox. 
2024-04-12 10:49:22 INFO  commonLocatorsRepo:85 - Entered value in searchbox. 
2024-04-12 10:49:24 INFO  LeaseAssetsPage:283 - 'KQZ4BG8T34Edited' Operator has been deleted successfully. 
2024-04-12 10:49:29 INFO  LeaseAssetsPage:173 - Retrive all records 
2024-04-12 10:49:29 INFO  TestBase:90 - ------------------------------------------------------------------------ 
2024-04-12 10:49:34 INFO  DashBoardPage:75 - Assets is already open. 
2024-04-12 10:49:39 INFO  DashBoardPage:115 - Click on Well manu item. 
2024-04-12 10:49:42 INFO  WellAssetsPage:69 - Wait until loading well list. 
2024-04-12 10:49:42 INFO  commonLocatorsRepo:119 - Click on Add button. 
2024-04-12 10:49:43 INFO  commonLocatorsRepo:122 - Add screen presented. 
2024-04-12 10:49:47 INFO  WellAssetsPage:76 - Lease selected. 
2024-04-12 10:49:51 INFO  WellAssetsPage:78 - Tank Battery selected. 
2024-04-12 10:49:54 INFO  WellAssetsPage:80 - Enter well number. 
2024-04-12 10:49:57 INFO  WellAssetsPage:82 - Enter well name. 
2024-04-12 10:49:59 INFO  WellAssetsPage:84 - Well category selected. 
2024-04-12 10:49:59 INFO  WellAssetsPage:86 - Enter latitude. 
2024-04-12 10:50:00 INFO  WellAssetsPage:88 - Enter longtitude. 
2024-04-12 10:50:00 INFO  WellAssetsPage:90 - Enter API number. 
2024-04-12 10:50:00 INFO  WellAssetsPage:133 - Clicked submit button. 
2024-04-12 10:50:41 INFO  TestBase:90 - ------------------------------------------------------------------------ 
2024-04-12 10:50:41 INFO  commonLocatorsRepo:57 - Waiting until action button is clickable. 
2024-04-12 10:50:41 INFO  commonLocatorsRepo:60 - Click action button. 
2024-04-12 10:50:41 INFO  WellAssetsPage:161 - Clicked on action button. 
2024-04-12 10:50:41 INFO  commonLocatorsRepo:65 - Waiting until edit button is clickable. 
2024-04-12 10:50:41 INFO  commonLocatorsRepo:68 - Action menu presented, Cliked Edit action. 
2024-04-12 10:50:41 INFO  WellAssetsPage:164 - Clicked on edit action menu. 
2024-04-12 10:50:42 INFO  WellAssetsPage:166 - Edit well screen present. 
2024-04-12 10:50:49 INFO  WellAssetsPage:207 - Clicked submit button. 
2024-04-12 10:51:29 INFO  TestBase:90 - ------------------------------------------------------------------------ 
