2024-04-12 11:06:06 INFO  TestBase:58 - ************************************************************************ 
2024-04-12 11:06:06 INFO  TestBase:59 - Chrome browser launched. 
2024-04-12 11:06:09 INFO  TestBase:62 - Hit Oilman URL.  
2024-04-12 11:06:11 INFO  TestBase:90 - ------------------------------------------------------------------------ 
2024-04-12 11:06:12 INFO  LoginPage:54 - Enter Email id. 
2024-04-12 11:06:12 INFO  LoginPage:68 - Enter Password. 
2024-04-12 11:06:12 INFO  LoginPage:77 - Cliked on Submit button. 
2024-04-12 11:06:27 INFO  LoginPage:89 - Logged successfully navigated on Dashboard 
2024-04-12 11:06:27 INFO  TestBase:90 - ------------------------------------------------------------------------ 
2024-04-12 11:06:27 INFO  DashBoardPage:65 - Waiting until Assets manu is clickable. 
2024-04-12 11:06:27 INFO  DashBoardPage:68 - Click on Assets menu. 
2024-04-12 11:06:32 INFO  DashBoardPage:115 - Click on Tank manu item. 
2024-04-12 11:06:34 INFO  TankAssetsPage:74 - Wait until loading tank list. 
2024-04-12 11:06:34 INFO  commonLocatorsRepo:119 - Click on Add button. 
2024-04-12 11:06:35 INFO  commonLocatorsRepo:122 - Add screen presented. 
2024-04-12 11:06:37 INFO  TankAssetsPage:95 - Enter tank name. 
2024-04-12 11:06:39 INFO  TankAssetsPage:100 - Select tank status 
2024-04-12 11:06:41 INFO  TankAssetsPage:105 - Select associated tank battery. 
2024-04-12 11:06:42 INFO  TankAssetsPage:110 - Enter max capacity. 
2024-04-12 11:06:42 INFO  TankAssetsPage:115 - Enter conversion rate. 
2024-04-12 11:06:42 INFO  TankAssetsPage:120 - Enter sequence order. 
2024-04-12 11:06:42 INFO  TankAssetsPage:125 - Enter height. 
2024-04-12 11:06:42 INFO  TankAssetsPage:130 - Enter bottom. 
2024-04-12 11:06:42 INFO  TankAssetsPage:135 - Enter latitude. 
2024-04-12 11:06:43 INFO  TankAssetsPage:140 - Enter longtitude. 
2024-04-12 11:06:43 INFO  TankAssetsPage:146 - Clicked submit button. 
2024-04-12 11:07:44 INFO  TestBase:90 - ------------------------------------------------------------------------ 
2024-04-12 11:07:49 INFO  TestBase:90 - ------------------------------------------------------------------------ 
