2024-04-12 11:18:21 INFO  TestBase:58 - ************************************************************************ 
2024-04-12 11:18:21 INFO  TestBase:59 - Chrome browser launched. 
2024-04-12 11:18:23 INFO  TestBase:62 - Hit Oilman URL.  
2024-04-12 11:18:25 INFO  TestBase:90 - ------------------------------------------------------------------------ 
2024-04-12 11:18:26 INFO  LoginPage:54 - Enter Email id. 
2024-04-12 11:18:26 INFO  LoginPage:68 - Enter Password. 
2024-04-12 11:18:26 INFO  LoginPage:77 - Cliked on Submit button. 
2024-04-12 11:18:41 INFO  LoginPage:89 - Logged successfully navigated on Dashboard 
2024-04-12 11:18:41 INFO  TestBase:90 - ------------------------------------------------------------------------ 
2024-04-12 11:18:41 INFO  DashBoardPage:65 - Waiting until Assets manu is clickable. 
2024-04-12 11:18:41 INFO  DashBoardPage:68 - Click on Assets menu. 
2024-04-12 11:18:47 INFO  DashBoardPage:115 - Click on Tank manu item. 
2024-04-12 11:18:49 INFO  TankAssetsPage:74 - Wait until loading tank list. 
2024-04-12 11:18:49 INFO  commonLocatorsRepo:119 - Click on Add button. 
2024-04-12 11:18:49 INFO  commonLocatorsRepo:122 - Add screen presented. 
2024-04-12 11:18:52 INFO  TankAssetsPage:95 - Enter tank name. 
2024-04-12 11:18:54 INFO  TankAssetsPage:100 - Select tank status 
2024-04-12 11:18:56 INFO  TankAssetsPage:105 - Select associated tank battery. 
2024-04-12 11:18:56 INFO  TankAssetsPage:110 - Enter max capacity. 
2024-04-12 11:18:56 INFO  TankAssetsPage:115 - Enter conversion rate. 
2024-04-12 11:18:57 INFO  TankAssetsPage:120 - Enter sequence order. 
2024-04-12 11:18:57 INFO  TankAssetsPage:125 - Enter height. 
2024-04-12 11:18:57 INFO  TankAssetsPage:130 - Enter bottom. 
2024-04-12 11:18:57 INFO  TankAssetsPage:135 - Enter latitude. 
2024-04-12 11:18:57 INFO  TankAssetsPage:140 - Enter longtitude. 
2024-04-12 11:18:57 INFO  TankAssetsPage:146 - Clicked submit button. 
2024-04-12 11:19:07 INFO  commonLocatorsRepo:82 - Clear searchbox. 
2024-04-12 11:19:08 INFO  commonLocatorsRepo:85 - Entered value in searchbox. 
2024-04-12 11:19:11 INFO  TankAssetsPage:196 - Record searched successfully. 
2024-04-12 11:19:11 INFO  TankAssetsPage:154 - '6Y3P' tank created successfully. 
2024-04-12 11:19:11 INFO  TestBase:90 - ------------------------------------------------------------------------ 
2024-04-12 11:19:11 INFO  commonLocatorsRepo:57 - Waiting until action button is clickable. 
2024-04-12 11:19:11 INFO  commonLocatorsRepo:60 - Click action button. 
2024-04-12 11:19:11 INFO  TankAssetsPage:168 - Clicked on action button. 
2024-04-12 11:19:11 INFO  commonLocatorsRepo:65 - Waiting until edit button is clickable. 
2024-04-12 11:19:11 INFO  commonLocatorsRepo:68 - Action menu presented, Cliked Edit action. 
2024-04-12 11:19:11 INFO  TankAssetsPage:171 - Clicked on edit action menu. 
2024-04-12 11:19:11 INFO  TankAssetsPage:173 - Edit tank screen present. 
2024-04-12 11:19:14 INFO  TankAssetsPage:95 - Enter tank name. 
2024-04-12 11:19:16 INFO  TankAssetsPage:213 - Clicked submit button. 
2024-04-12 11:19:20 INFO  commonLocatorsRepo:82 - Clear searchbox. 
2024-04-12 11:19:21 INFO  commonLocatorsRepo:85 - Entered value in searchbox. 
2024-04-12 11:19:23 INFO  TankAssetsPage:196 - Record searched successfully. 
2024-04-12 11:19:23 INFO  TankAssetsPage:221 - '6Y3P' tank is updated successfully with '6Y3PEdited'. 
2024-04-12 11:19:23 INFO  TestBase:90 - ------------------------------------------------------------------------ 
2024-04-12 11:19:23 INFO  commonLocatorsRepo:57 - Waiting until action button is clickable. 
2024-04-12 11:19:24 INFO  commonLocatorsRepo:60 - Click action button. 
2024-04-12 11:19:24 INFO  TankAssetsPage:236 - Clicked on action button. 
2024-04-12 11:19:24 INFO  commonLocatorsRepo:73 - Waiting until delete button is clickable. 
2024-04-12 11:19:24 INFO  commonLocatorsRepo:76 - Action menu presented, Cliked delete action. 
2024-04-12 11:19:24 INFO  TankAssetsPage:240 - Delete confirmation popup is present. 
2024-04-12 11:19:24 INFO  TankAssetsPage:255 - Cliked on Yes button to confirm delete record. 
2024-04-12 11:19:31 INFO  commonLocatorsRepo:82 - Clear searchbox. 
2024-04-12 11:19:32 INFO  commonLocatorsRepo:85 - Entered value in searchbox. 
2024-04-12 11:19:34 INFO  TankAssetsPage:265 - '6Y3PEdited' tank has been deleted successfully. 
2024-04-12 11:19:38 INFO  TankAssetsPage:279 - Clear searchbox. 
2024-04-12 11:19:38 INFO  TankAssetsPage:283 - Retrive all records 
2024-04-12 11:19:38 INFO  TestBase:90 - ------------------------------------------------------------------------ 
2024-04-12 11:19:43 INFO  DashBoardPage:75 - Assets is already open. 
2024-04-12 11:19:48 INFO  DashBoardPage:115 - Click on Well manu item. 
2024-04-12 11:19:51 INFO  WellAssetsPage:69 - Wait until loading well list. 
2024-04-12 11:19:51 INFO  commonLocatorsRepo:119 - Click on Add button. 
2024-04-12 11:19:51 INFO  commonLocatorsRepo:122 - Add screen presented. 
2024-04-12 11:19:56 INFO  WellAssetsPage:76 - Lease selected. 
2024-04-12 11:20:00 INFO  WellAssetsPage:78 - Tank Battery selected. 
2024-04-12 11:20:02 INFO  WellAssetsPage:80 - Enter well number. 
2024-04-12 11:20:06 INFO  WellAssetsPage:82 - Enter well name. 
2024-04-12 11:20:08 INFO  WellAssetsPage:84 - Well category selected. 
2024-04-12 11:20:08 INFO  WellAssetsPage:86 - Enter latitude. 
2024-04-12 11:20:08 INFO  WellAssetsPage:88 - Enter longtitude. 
2024-04-12 11:20:09 INFO  WellAssetsPage:90 - Enter API number. 
2024-04-12 11:20:09 INFO  WellAssetsPage:133 - Clicked submit button. 
2024-04-12 11:20:21 INFO  commonLocatorsRepo:82 - Clear searchbox. 
2024-04-12 11:20:22 INFO  commonLocatorsRepo:85 - Entered value in searchbox. 
2024-04-12 11:20:24 INFO  WellAssetsPage:189 - Record searched successfully. 
2024-04-12 11:20:24 INFO  WellAssetsPage:147 - 'QA Well 343' well created successfully. 
2024-04-12 11:20:24 INFO  TestBase:90 - ------------------------------------------------------------------------ 
2024-04-12 11:20:24 INFO  commonLocatorsRepo:57 - Waiting until action button is clickable. 
2024-04-12 11:20:25 INFO  commonLocatorsRepo:60 - Click action button. 
2024-04-12 11:20:25 INFO  WellAssetsPage:161 - Clicked on action button. 
2024-04-12 11:20:25 INFO  commonLocatorsRepo:65 - Waiting until edit button is clickable. 
2024-04-12 11:20:25 INFO  commonLocatorsRepo:68 - Action menu presented, Cliked Edit action. 
2024-04-12 11:20:25 INFO  WellAssetsPage:164 - Clicked on edit action menu. 
2024-04-12 11:20:25 INFO  WellAssetsPage:166 - Edit well screen present. 
2024-04-12 11:20:33 INFO  WellAssetsPage:207 - Clicked submit button. 
2024-04-12 11:20:37 INFO  commonLocatorsRepo:82 - Clear searchbox. 
2024-04-12 11:20:38 INFO  commonLocatorsRepo:85 - Entered value in searchbox. 
2024-04-12 11:20:40 INFO  WellAssetsPage:189 - Record searched successfully. 
2024-04-12 11:20:40 INFO  WellAssetsPage:215 - 'QA Well 343' tank is updated successfully with 'QA Well 343Edited'. 
2024-04-12 11:20:40 INFO  TestBase:90 - ------------------------------------------------------------------------ 
2024-04-12 11:20:41 INFO  commonLocatorsRepo:57 - Waiting until action button is clickable. 
2024-04-12 11:20:41 INFO  commonLocatorsRepo:60 - Click action button. 
2024-04-12 11:20:41 INFO  WellAssetsPage:230 - Clicked on action button. 
2024-04-12 11:20:41 INFO  commonLocatorsRepo:73 - Waiting until delete button is clickable. 
2024-04-12 11:20:41 INFO  commonLocatorsRepo:76 - Action menu presented, Cliked delete action. 
2024-04-12 11:20:41 INFO  WellAssetsPage:234 - Delete confirmation popup is present. 
2024-04-12 11:20:41 INFO  WellAssetsPage:249 - Cliked on Yes button to confirm delete record. 
2024-04-12 11:20:49 INFO  commonLocatorsRepo:82 - Clear searchbox. 
2024-04-12 11:20:51 INFO  commonLocatorsRepo:85 - Entered value in searchbox. 
2024-04-12 11:20:53 INFO  WellAssetsPage:259 - 'QA Well 343Edited' well has been deleted successfully. 
2024-04-12 11:20:57 INFO  WellAssetsPage:273 - Clear searchbox. 
2024-04-12 11:20:57 INFO  WellAssetsPage:277 - Retrive all records 
