2024-04-11 18:07:25 INFO  TestBase:58 - ************************************************************************ 
2024-04-11 18:07:25 INFO  TestBase:59 - Chrome browser launched. 
2024-04-11 18:07:30 INFO  TestBase:62 - Hit Oilman URL.  
2024-04-11 18:07:32 INFO  TestBase:90 - ------------------------------------------------------------------------ 
2024-04-11 18:07:33 INFO  LoginPage:54 - Enter Email id. 
2024-04-11 18:07:33 INFO  LoginPage:68 - Enter Password. 
2024-04-11 18:07:34 INFO  LoginPage:77 - Cliked on Submit button. 
2024-04-11 18:07:49 INFO  LoginPage:89 - Logged successfully navigated on Dashboard 
2024-04-11 18:07:49 INFO  TestBase:90 - ------------------------------------------------------------------------ 
2024-04-11 18:07:49 INFO  DashBoardPage:65 - Waiting until Assets manu is clickable. 
2024-04-11 18:07:49 INFO  DashBoardPage:68 - Click on Assets menu. 
2024-04-11 18:07:55 INFO  DashBoardPage:115 - Click on Operator manu item. 
2024-04-11 18:07:56 INFO  LeaseAssetsPage:63 - Wait until loading operator list. 
2024-04-11 18:07:56 INFO  commonLocatorsRepo:95 - Click on Add button. 
2024-04-11 18:07:57 INFO  commonLocatorsRepo:98 - Half card is present. 
2024-04-11 18:07:57 INFO  LeaseAssetsPage:72 - Clear the operator text box. 
2024-04-11 18:07:57 INFO  LeaseAssetsPage:75 - Enter operator name. 
2024-04-11 18:07:57 INFO  LeaseAssetsPage:85 - Clear the operator phone text box. 
2024-04-11 18:07:57 INFO  LeaseAssetsPage:88 - Enter operator Value. 
2024-04-11 18:07:57 INFO  LeaseAssetsPage:100 - Clear the operator email text box. 
2024-04-11 18:07:58 INFO  LeaseAssetsPage:103 - Enter email Value. 
2024-04-11 18:07:58 INFO  LeaseAssetsPage:113 - Clear the operator address text box. 
2024-04-11 18:07:58 INFO  LeaseAssetsPage:116 - Enter operator address. 
2024-04-11 18:08:00 INFO  LeaseAssetsPage:124 - Status selected. 
2024-04-11 18:08:01 INFO  LeaseAssetsPage:131 - Click on Submit button. 
2024-04-11 18:08:05 INFO  commonLocatorsRepo:82 - Clear searchbox. 
2024-04-11 18:08:05 INFO  commonLocatorsRepo:85 - Entered value in searchbox. 
2024-04-11 18:08:07 INFO  LeaseAssetsPage:159 - Record searched successfully. 
2024-04-11 18:08:07 INFO  TestBase:90 - ------------------------------------------------------------------------ 
2024-04-11 18:08:12 INFO  commonLocatorsRepo:82 - Clear searchbox. 
2024-04-11 18:08:13 INFO  commonLocatorsRepo:85 - Entered value in searchbox. 
2024-04-11 18:08:15 INFO  LeaseAssetsPage:159 - Record searched successfully. 
2024-04-11 18:08:19 INFO  LeaseAssetsPage:173 - Retrive all records 
2024-04-11 18:08:19 INFO  TestBase:90 - ------------------------------------------------------------------------ 
2024-04-11 18:08:22 INFO  commonLocatorsRepo:82 - Clear searchbox. 
2024-04-11 18:08:23 INFO  commonLocatorsRepo:85 - Entered value in searchbox. 
2024-04-11 18:08:25 INFO  LeaseAssetsPage:159 - Record searched successfully. 
2024-04-11 18:08:26 INFO  commonLocatorsRepo:57 - Waiting until action button is clickable. 
2024-04-11 18:08:26 INFO  commonLocatorsRepo:60 - Click action button. 
2024-04-11 18:08:26 INFO  commonLocatorsRepo:65 - Waiting until edit button is clickable. 
2024-04-11 18:08:26 INFO  commonLocatorsRepo:68 - Action menu presented, Cliked Edit action. 
2024-04-11 18:08:26 INFO  LeaseAssetsPage:200 - Edit operator half screen present. 
2024-04-11 18:08:26 INFO  LeaseAssetsPage:218 - Click on operator name. 
2024-04-11 18:08:28 INFO  LeaseAssetsPage:222 - Clear text box. 
2024-04-11 18:08:31 INFO  LeaseAssetsPage:226 - Input upgreaded operator name. 
2024-04-11 18:08:31 INFO  LeaseAssetsPage:236 - Click on Submit button. 
2024-04-11 18:08:31 INFO  LeaseAssetsPage:241 - 'JV0NW0NYFJEdited' Operator update successfully. 
2024-04-11 18:08:37 INFO  LeaseAssetsPage:173 - Retrive all records 
2024-04-11 18:08:37 INFO  TestBase:90 - ------------------------------------------------------------------------ 
2024-04-11 18:08:40 INFO  commonLocatorsRepo:82 - Clear searchbox. 
2024-04-11 18:08:41 INFO  commonLocatorsRepo:85 - Entered value in searchbox. 
2024-04-11 18:08:43 INFO  LeaseAssetsPage:159 - Record searched successfully. 
2024-04-11 18:08:43 INFO  commonLocatorsRepo:57 - Waiting until action button is clickable. 
2024-04-11 18:08:43 INFO  commonLocatorsRepo:60 - Click action button. 
2024-04-11 18:08:43 INFO  commonLocatorsRepo:73 - Waiting until delete button is clickable. 
2024-04-11 18:08:44 INFO  commonLocatorsRepo:76 - Action menu presented, Cliked delete action. 
2024-04-11 18:08:44 INFO  LeaseAssetsPage:257 - Delete confirmation popup is present. 
2024-04-11 18:08:46 INFO  LeaseAssetsPage:273 - Cliked on Yes button to confirm delete record. 
2024-04-11 18:08:54 INFO  commonLocatorsRepo:82 - Clear searchbox. 
2024-04-11 18:08:55 INFO  commonLocatorsRepo:85 - Entered value in searchbox. 
2024-04-11 18:08:57 INFO  LeaseAssetsPage:283 - 'JV0NW0NYFJEdited' Operator has been deleted successfully. 
2024-04-11 18:09:02 INFO  LeaseAssetsPage:173 - Retrive all records 
2024-04-11 18:09:02 INFO  TestBase:90 - ------------------------------------------------------------------------ 
2024-04-11 18:09:07 INFO  DashBoardPage:75 - Assets is already open. 
2024-04-11 18:09:14 INFO  DashBoardPage:115 - Click on Well manu item. 
2024-04-11 18:09:17 INFO  WellAssetsPage:69 - Wait until loading well list. 
2024-04-11 18:09:17 INFO  commonLocatorsRepo:119 - Click on Add button. 
2024-04-11 18:09:18 INFO  commonLocatorsRepo:122 - Add screen presented. 
2024-04-11 18:09:22 INFO  WellAssetsPage:76 - Lease selected. 
2024-04-11 18:09:26 INFO  WellAssetsPage:78 - Tank Battery selected. 
2024-04-11 18:09:29 INFO  WellAssetsPage:80 - Enter well number. 
2024-04-11 18:09:32 INFO  WellAssetsPage:82 - Enter well name. 
2024-04-11 18:09:34 INFO  WellAssetsPage:84 - Well category selected. 
2024-04-11 18:09:35 INFO  WellAssetsPage:86 - Enter latitude. 
2024-04-11 18:09:35 INFO  WellAssetsPage:88 - Enter longtitude. 
2024-04-11 18:09:35 INFO  WellAssetsPage:90 - Enter API number. 
2024-04-11 18:09:36 INFO  WellAssetsPage:133 - Clicked submit button. 
2024-04-11 18:10:12 INFO  TestBase:90 - ------------------------------------------------------------------------ 
2024-04-11 18:10:12 INFO  commonLocatorsRepo:57 - Waiting until action button is clickable. 
2024-04-11 18:10:12 INFO  commonLocatorsRepo:60 - Click action button. 
2024-04-11 18:10:12 INFO  WellAssetsPage:161 - Clicked on action button. 
2024-04-11 18:10:12 INFO  commonLocatorsRepo:65 - Waiting until edit button is clickable. 
2024-04-11 18:10:13 INFO  commonLocatorsRepo:68 - Action menu presented, Cliked Edit action. 
2024-04-11 18:10:13 INFO  WellAssetsPage:164 - Clicked on edit action menu. 
2024-04-11 18:10:13 INFO  WellAssetsPage:166 - Edit well screen present. 
2024-04-11 18:10:20 INFO  WellAssetsPage:207 - Clicked submit button. 
2024-04-11 18:11:01 INFO  TestBase:90 - ------------------------------------------------------------------------ 
